#
# There is insufficient memory for the Java Runtime Environment to continue.
# Native memory allocation (mmap) failed to map 60817408 bytes for G1 virtual space
# Possible reasons:
#   The system is out of physical RAM or swap space
#   The process is running with CompressedOops enabled, and the Java Heap may be blocking the growth of the native heap
# Possible solutions:
#   Reduce memory load on the system
#   Increase physical memory or swap space
#   Check if swap backing store is full
#   Decrease Java heap size (-Xmx/-Xms)
#   Decrease number of Java threads
#   Decrease Java thread stack sizes (-Xss)
#   Set larger code cache with -XX:ReservedCodeCacheSize=
#   JVM is running with Unscaled Compressed Oops mode in which the Java heap is
#     placed in the first 4GB address space. The Java Heap base address is the
#     maximum limit for the native heap growth. Please use -XX:HeapBaseMinAddress
#     to set the Java Heap base and to place the Java Heap above 4GB virtual address.
# This output file may be truncated or incomplete.
#
#  Out of Memory Error (os_windows.cpp:3466), pid=12332, tid=1436
#
# JRE version:  (16.0.1+9) (build )
# Java VM: OpenJDK 64-Bit Server VM (16.0.1+9-24, mixed mode, sharing, tiered, compressed oops, compressed class ptrs, g1 gc, windows-amd64)
# No core dump will be written. Minidumps are not enabled by default on client versions of Windows
#

---------------  S U M M A R Y ------------

Command Line: -Dfile.encoding=UTF-8 -XX:+ShowCodeDetailsInExceptionMessages com.example.examsys.ExamSysApplication

Host: Intel(R) Core(TM) i3-8130U CPU @ 2.20GHz, 4 cores, 3G,  Windows 10 , 64 bit Build 19041 (10.0.19041.1706)
Time: Sun Jun  5 22:10:24 2022  Windows 10 , 64 bit Build 19041 (10.0.19041.1706) elapsed time: 0.030266 seconds (0d 0h 0m 0s)

---------------  T H R E A D  ---------------

Current thread (0x0000023876771130):  JavaThread "Unknown thread" [_thread_in_vm, id=1436, stack(0x000000f3f9b00000,0x000000f3f9c00000)]

Stack: [0x000000f3f9b00000,0x000000f3f9c00000]
Native frames: (J=compiled Java code, j=interpreted, Vv=VM code, C=native code)
V  [jvm.dll+0x6687ca]
V  [jvm.dll+0x7ca3c9]
V  [jvm.dll+0x7cbb53]
V  [jvm.dll+0x7cc1b3]
V  [jvm.dll+0x242ea5]
V  [jvm.dll+0x665589]
V  [jvm.dll+0x65a175]
V  [jvm.dll+0x2fc5ab]
V  [jvm.dll+0x3037a6]
V  [jvm.dll+0x352fee]
V  [jvm.dll+0x35321f]
V  [jvm.dll+0x2d3618]
V  [jvm.dll+0x2d4854]
V  [jvm.dll+0x79ccb1]
V  [jvm.dll+0x360de1]
V  [jvm.dll+0x77a990]
V  [jvm.dll+0x3e55af]
V  [jvm.dll+0x3e7081]
C  [jli.dll+0x52fb]
C  [ucrtbase.dll+0x21bb2]
C  [KERNEL32.DLL+0x17034]
C  [ntdll.dll+0x52651]


---------------  P R O C E S S  ---------------

Threads class SMR info:
_java_thread_list=0x00007ffa4776cbb8, length=0, elements={
}

Java Threads: ( => current thread )

Other Threads:
  0x000002387679fe10 GCTaskThread "GC Thread#0" [stack: 0x000000f3f9c00000,0x000000f3f9d00000] [id=8112]
  0x00000238767a8110 ConcurrentGCThread "G1 Main Marker" [stack: 0x000000f3f9d00000,0x000000f3f9e00000] [id=10260]
  0x00000238767a9360 ConcurrentGCThread "G1 Conc#0" [stack: 0x000000f3f9e00000,0x000000f3f9f00000] [id=13632]

[error occurred during error reporting (printing all threads), id 0xc0000005, EXCEPTION_ACCESS_VIOLATION (0xc0000005) at pc=0x00007ffa46f444d7]

VM state: not at safepoint (not fully initialized)

VM Mutex/Monitor currently owned by a thread:  ([mutex/lock_event])
[0x000002387676e3c0] Heap_lock - owner thread: 0x0000023876771130

Heap address: 0x00000000c6200000, size: 926 MB, Compressed Oops mode: 32-bit

CDS archive(s) mapped at: [0x0000000000000000-0x0000000000000000-0x0000000000000000), size 0, SharedBaseAddress: 0x0000000800000000, ArchiveRelocationMode: 0.
Narrow klass base: 0x0000000000000000, Narrow klass shift: 0, Narrow klass range: 0x0

GC Precious Log:
<Empty>

Heap:
 garbage-first heap   total 0K, used 0K [0x00000000c6200000, 0x0000000100000000)
  region size 1024K, 0 young (0K), 0 survivors (0K)

[error occurred during error reporting (printing heap information), id 0xc0000005, EXCEPTION_ACCESS_VIOLATION (0xc0000005) at pc=0x00007ffa473224ed]

GC Heap History (0 events):
No events

Deoptimization events (0 events):
No events

Classes unloaded (0 events):
No events

Classes redefined (0 events):
No events

Internal exceptions (0 events):
No events

Events (1 events):
Event: 0.017 Loaded shared library D:\eclipse\plugins\org.eclipse.justj.openjdk.hotspot.jre.full.win32.x86_64_16.0.1.v20210528-1205\jre\bin\java.dll


Dynamic libraries:
0x00007ff6825b0000 - 0x00007ff6825be000 	D:\eclipse\plugins\org.eclipse.justj.openjdk.hotspot.jre.full.win32.x86_64_16.0.1.v20210528-1205\jre\bin\javaw.exe
0x00007ffa881b0000 - 0x00007ffa883a5000 	C:\Windows\SYSTEM32\ntdll.dll
0x00007ffa86cd0000 - 0x00007ffa86d8d000 	C:\Windows\System32\KERNEL32.DLL
0x00007ffa85b50000 - 0x00007ffa85e1d000 	C:\Windows\System32\KERNELBASE.dll
0x00007ffa85a50000 - 0x00007ffa85b50000 	C:\Windows\System32\ucrtbase.dll
0x00007ffa7fac0000 - 0x00007ffa7fad8000 	D:\eclipse\plugins\org.eclipse.justj.openjdk.hotspot.jre.full.win32.x86_64_16.0.1.v20210528-1205\jre\bin\jli.dll
0x00007ffa879b0000 - 0x00007ffa87b50000 	C:\Windows\System32\USER32.dll
0x00007ffa7d7b0000 - 0x00007ffa7d7c9000 	D:\eclipse\plugins\org.eclipse.justj.openjdk.hotspot.jre.full.win32.x86_64_16.0.1.v20210528-1205\jre\bin\VCRUNTIME140.dll
0x00007ffa861d0000 - 0x00007ffa861f2000 	C:\Windows\System32\win32u.dll
0x00007ffa87bb0000 - 0x00007ffa87bda000 	C:\Windows\System32\GDI32.dll
0x00007ffa85fc0000 - 0x00007ffa860cb000 	C:\Windows\System32\gdi32full.dll
0x00007ffa85e20000 - 0x00007ffa85ebd000 	C:\Windows\System32\msvcp_win.dll
0x00007ffa71a90000 - 0x00007ffa71d2a000 	C:\Windows\WinSxS\amd64_microsoft.windows.common-controls_6595b64144ccf1df_6.0.19041.1110_none_60b5254171f9507e\COMCTL32.dll
0x00007ffa87910000 - 0x00007ffa879ae000 	C:\Windows\System32\msvcrt.dll
0x00007ffa86ab0000 - 0x00007ffa86ae0000 	C:\Windows\System32\IMM32.DLL
0x00007ffa828b0000 - 0x00007ffa828bc000 	D:\eclipse\plugins\org.eclipse.justj.openjdk.hotspot.jre.full.win32.x86_64_16.0.1.v20210528-1205\jre\bin\vcruntime140_1.dll
0x00007ffa5d330000 - 0x00007ffa5d3c1000 	D:\eclipse\plugins\org.eclipse.justj.openjdk.hotspot.jre.full.win32.x86_64_16.0.1.v20210528-1205\jre\bin\msvcp140.dll
0x00007ffa46c60000 - 0x00007ffa4780b000 	D:\eclipse\plugins\org.eclipse.justj.openjdk.hotspot.jre.full.win32.x86_64_16.0.1.v20210528-1205\jre\bin\server\jvm.dll
0x00007ffa880c0000 - 0x00007ffa8816e000 	C:\Windows\System32\ADVAPI32.dll
0x00007ffa86930000 - 0x00007ffa869cc000 	C:\Windows\System32\sechost.dll
0x00007ffa874e0000 - 0x00007ffa87605000 	C:\Windows\System32\RPCRT4.dll
0x00007ffa86ae0000 - 0x00007ffa86ae8000 	C:\Windows\System32\PSAPI.DLL
0x00007ffa70ba0000 - 0x00007ffa70ba9000 	C:\Windows\SYSTEM32\WSOCK32.dll
0x00007ffa87700000 - 0x00007ffa8776b000 	C:\Windows\System32\WS2_32.dll
0x00007ffa71840000 - 0x00007ffa71867000 	C:\Windows\SYSTEM32\WINMM.dll
0x00007ffa795e0000 - 0x00007ffa795ea000 	C:\Windows\SYSTEM32\VERSION.dll
0x00007ffa84150000 - 0x00007ffa84162000 	C:\Windows\SYSTEM32\kernel.appcore.dll
0x00007ffa80990000 - 0x00007ffa8099a000 	D:\eclipse\plugins\org.eclipse.justj.openjdk.hotspot.jre.full.win32.x86_64_16.0.1.v20210528-1205\jre\bin\jimage.dll
0x00007ffa836d0000 - 0x00007ffa838b4000 	C:\Windows\SYSTEM32\DBGHELP.DLL
0x00007ffa6ce70000 - 0x00007ffa6ce9c000 	C:\Windows\SYSTEM32\dbgcore.DLL
0x00007ffa85f30000 - 0x00007ffa85fb2000 	C:\Windows\System32\bcryptPrimitives.dll
0x00007ffa7c320000 - 0x00007ffa7c345000 	D:\eclipse\plugins\org.eclipse.justj.openjdk.hotspot.jre.full.win32.x86_64_16.0.1.v20210528-1205\jre\bin\java.dll

dbghelp: loaded successfully - version: 4.0.5 - missing functions: none
symbol engine: initialized successfully - sym options: 0x614 - pdb path: .;D:\eclipse\plugins\org.eclipse.justj.openjdk.hotspot.jre.full.win32.x86_64_16.0.1.v20210528-1205\jre\bin;C:\Windows\SYSTEM32;C:\Windows\WinSxS\amd64_microsoft.windows.common-controls_6595b64144ccf1df_6.0.19041.1110_none_60b5254171f9507e;D:\eclipse\plugins\org.eclipse.justj.openjdk.hotspot.jre.full.win32.x86_64_16.0.1.v20210528-1205\jre\bin\server

VM Arguments:
jvm_args: -Dfile.encoding=UTF-8 -XX:+ShowCodeDetailsInExceptionMessages 
java_command: com.example.examsys.ExamSysApplication
java_class_path (initial): D:\Examsys\ExamSys\target\classes;d:\maven\org\springframework\boot\spring-boot-starter-data-mongodb\2.4.3\spring-boot-starter-data-mongodb-2.4.3.jar;d:\maven\org\springframework\boot\spring-boot-starter\2.4.3\spring-boot-starter-2.4.3.jar;d:\maven\org\springframework\boot\spring-boot\2.4.3\spring-boot-2.4.3.jar;d:\maven\org\springframework\boot\spring-boot-starter-logging\2.4.3\spring-boot-starter-logging-2.4.3.jar;d:\maven\ch\qos\logback\logback-classic\1.2.3\logback-classic-1.2.3.jar;d:\maven\ch\qos\logback\logback-core\1.2.3\logback-core-1.2.3.jar;d:\maven\org\apache\logging\log4j\log4j-to-slf4j\2.13.3\log4j-to-slf4j-2.13.3.jar;d:\maven\org\apache\logging\log4j\log4j-api\2.13.3\log4j-api-2.13.3.jar;d:\maven\org\slf4j\jul-to-slf4j\1.7.30\jul-to-slf4j-1.7.30.jar;d:\maven\jakarta\annotation\jakarta.annotation-api\1.3.5\jakarta.annotation-api-1.3.5.jar;d:\maven\org\yaml\snakeyaml\1.27\snakeyaml-1.27.jar;d:\maven\org\mongodb\mongodb-driver-sync\4.1.1\mongodb-driver-sync-4.1.1.jar;d:\maven\org\mongodb\bson\4.1.1\bson-4.1.1.jar;d:\maven\org\mongodb\mongodb-driver-core\4.1.1\mongodb-driver-core-4.1.1.jar;d:\maven\org\springframework\data\spring-data-mongodb\3.1.5\spring-data-mongodb-3.1.5.jar;d:\maven\org\springframework\spring-beans\5.3.4\spring-beans-5.3.4.jar;d:\maven\org\springframework\spring-expression\5.3.4\spring-expression-5.3.4.jar;d:\maven\org\springframework\data\spring-data-commons\2.4.5\spring-data-commons-2.4.5.jar;d:\maven\org\springframework\boot\spring-boot-starter-data-elasticsearch\2.4.3\spring-boot-starter-data-elasticsearch-2.4.3.jar;d:\maven\org\springframework\data\spring-data-elasticsearch\4.1.5\spring-data-elasticsearch-4.1.5.jar;d:\maven\org\elasticsearch\plugin\transport-netty4-client\7.9.3\transport-netty4-client-7.9.3.jar;d:\maven\io\netty\netty-buffer\4.1.59.Final\netty-buffer-4.1.59.Final.jar;d:\maven\io\netty\netty-codec\4.1.59.Final\netty-codec-4.1.59.Final.jar;d:\maven\io\netty\netty-codec-http\4.1.59.Final
Launcher Type: SUN_STANDARD

[Global flags]
     intx CICompilerCount                          = 3                                         {product} {ergonomic}
     uint ConcGCThreads                            = 1                                         {product} {ergonomic}
     uint G1ConcRefinementThreads                  = 4                                         {product} {ergonomic}
   size_t G1HeapRegionSize                         = 1048576                                   {product} {ergonomic}
    uintx GCDrainStackTargetSize                   = 64                                        {product} {ergonomic}
   size_t InitialHeapSize                          = 60817408                                  {product} {ergonomic}
   size_t MarkStackSize                            = 4194304                                   {product} {ergonomic}
   size_t MaxHeapSize                              = 970981376                                 {product} {ergonomic}
   size_t MinHeapDeltaBytes                        = 1048576                                   {product} {ergonomic}
   size_t MinHeapSize                              = 8388608                                   {product} {ergonomic}
    uintx NonNMethodCodeHeapSize                   = 5832780                                {pd product} {ergonomic}
    uintx NonProfiledCodeHeapSize                  = 122912730                              {pd product} {ergonomic}
    uintx ProfiledCodeHeapSize                     = 122912730                              {pd product} {ergonomic}
    uintx ReservedCodeCacheSize                    = 251658240                              {pd product} {ergonomic}
     bool SegmentedCodeCache                       = true                                      {product} {ergonomic}
     bool ShowCodeDetailsInExceptionMessages       = true                                   {manageable} {command line}
   size_t SoftMaxHeapSize                          = 970981376                              {manageable} {ergonomic}
     bool UseCompressedClassPointers               = true                           {product lp64_product} {ergonomic}
     bool UseCompressedOops                        = true                           {product lp64_product} {ergonomic}
     bool UseG1GC                                  = true                                      {product} {ergonomic}
     bool UseLargePagesIndividualAllocation        = false                                  {pd product} {ergonomic}

Logging:
Log output configuration:
 #0: stdout all=warning uptime,level,tags
 #1: stderr all=off uptime,level,tags

Environment Variables:
JAVA_HOME=C:\Program Files\Java\jdk-16.0.2
CLASSPATH=C:\Program Files\Apache Software Foundation\Tomcat 8.5\lib\servlet-api.jar 
PATH=D:/eclipse//plugins/org.eclipse.justj.openjdk.hotspot.jre.full.win32.x86_64_16.0.1.v20210528-1205/jre/bin/server;D:/eclipse//plugins/org.eclipse.justj.openjdk.hotspot.jre.full.win32.x86_64_16.0.1.v20210528-1205/jre/bin;C:\Program Files (x86)\VMware\VMware Workstation\bin\;C:\Program Files\Common Files\Oracle\Java\javapath;C:\Windows\system32;C:\Windows;C:\Windows\System32\Wbem;C:\Windows\System32\WindowsPowerShell\v1.0\;C:\Windows\System32\OpenSSH\;C:\Program Files\Intel\WiFi\bin\;C:\Program Files\Common Files\Intel\WirelessCommon\;C:\Program Files\MySQL\MySQL Server 8.0\bin;D:\SDK;%Android_HOME%;C:\Program Files\Git\cmd;C:\Program Files\nodejs\node_global;C:\Program Files\PuTTY\;C:\Program Files\nodejs\;D:\flutter\flutter\bin;C:\Program Files\Java\jdk-16.0.2;C:\Users\dunaixu\SDK\tools;;C:\Program Files (x86)\Tencent\微信web开发者工具\dll;C:\Program Files\Redis\;C:\Program Files\dotnet\;C:\Users\dunaixu\AppData\Local\Programs\Python\Python310\Scripts\;C:\Users\dunaixu\AppData\Local\Programs\Python\Python310\;C:\Users\dunaixu\AppData\Local\Microsoft\WindowsApps;C:\MinGW\bin;C:\Users\毒奶徐\AppData\Local\GitHubDesktop\bin;C:\Users\dunaixu\Downloads\apache-maven-3.8.2-bin\apache-maven-3.8.2\bin;C:\Program Files\nodejs;C:\Program Files\nodejs\node_global;C:\Users\dunaixu\AppData\Roaming\npm;C:\Program Files\Apache Software Foundation\Tomcat 8.5\bin;C:\Users\dunaixu\Downloads\crark55;C:\Users\dunaixu\AppData\Local\Programs\Microsoft VS Code\bin;C:\Users\dunaixu\AppData\Local\GitHubDesktop\bin;C:\Users\dunaixu\.dotnet\tools;C:\Users\dunaixu\AppData\Local\Programs\VSCodium\bin;D:\eclipse;
USERNAME=毒奶徐
OS=Windows_NT
PROCESSOR_IDENTIFIER=Intel64 Family 6 Model 142 Stepping 10, GenuineIntel



---------------  S Y S T E M  ---------------

OS:
 Windows 10 , 64 bit Build 19041 (10.0.19041.1706)
OS uptime: 8 days 10:10 hours

CPU: total 4 (initial active 4) (2 cores per cpu, 2 threads per core) family 6 model 142 stepping 10 microcode 0xb4, cx8, cmov, fxsr, ht, mmx, 3dnowpref, sse, sse2, sse3, ssse3, sse4.1, sse4.2, popcnt, lzcnt, tsc, tscinvbit, avx, avx2, aes, erms, clmul, bmi1, bmi2, adx, fma, vzeroupper, clflush, clflushopt

Memory: 4k page, system-wide physical 3699M (11M free)
TotalPageFile size 14963M (AvailPageFile size 54M)
current process WorkingSet (physical memory assigned to process): 10M, peak: 10M
current process commit charge ("private bytes"): 51M, peak: 109M

vm_info: OpenJDK 64-Bit Server VM (16.0.1+9-24) for windows-amd64 JRE (16.0.1+9-24), built on Mar 26 2021 19:30:07 by "mach5one" with MS VC++ 16.7 (VS2019)

END.
